2026-07-01 17:03:50,498 - okx_auto_trading - INFO - ==================================================
2026-07-01 17:03:50,498 - okx_auto_trading - INFO - OKX自动交易程序启动
2026-07-01 17:03:50,498 - okx_auto_trading - INFO - 策略: MA
2026-07-01 17:03:50,498 - okx_auto_trading - INFO - 交易对: BTC-USDT-SWAP
2026-07-01 17:03:50,498 - okx_auto_trading - INFO - ==================================================
2026-07-01 17:03:50,540 - okx_auto_trading - ERROR - 交易引擎初始化失败，程序退出
2026-07-01 17:05:12,843 - okx_auto_trading - INFO - ==================================================
2026-07-01 17:05:12,844 - okx_auto_trading - INFO - OKX自动交易程序启动
2026-07-01 17:05:12,844 - okx_auto_trading - INFO - 策略: MA
2026-07-01 17:05:12,845 - okx_auto_trading - INFO - 交易对: BTC-USDT-SWAP
2026-07-01 17:05:12,845 - okx_auto_trading - INFO - ==================================================
2026-07-01 17:05:13,932 - okx_auto_trading - ERROR - 交易引擎初始化失败，程序退出
2026-07-01 17:14:09,461 - okx_auto_trading - INFO - ==================================================
2026-07-01 17:14:09,471 - okx_auto_trading - INFO - OKX自动交易程序启动
2026-07-01 17:14:09,471 - okx_auto_trading - INFO - 策略: MA
2026-07-01 17:14:09,471 - okx_auto_trading - INFO - 交易对: BTC-USDT-SWAP
2026-07-01 17:14:09,471 - okx_auto_trading - INFO - ==================================================
2026-07-01 17:14:12,214 - okx_auto_trading - ERROR - 交易引擎初始化失败，程序退出
2026-07-01 17:31:52,484 - okx_auto_trading - INFO - ==================================================
2026-07-01 17:31:52,484 - okx_auto_trading - INFO - OKX自动交易程序启动
2026-07-01 17:31:52,484 - okx_auto_trading - INFO - 策略: MA
2026-07-01 17:31:52,484 - okx_auto_trading - INFO - 交易对: BTC-USDT-SWAP
2026-07-01 17:31:52,484 - okx_auto_trading - INFO - ==================================================
2026-07-01 17:31:53,564 - okx_auto_trading - ERROR - 交易引擎初始化失败，程序退出
2026-07-01 17:34:48,689 - okx_auto_trading - INFO - ==================================================
2026-07-01 17:34:48,689 - okx_auto_trading - INFO - OKX自动交易程序启动
2026-07-01 17:34:48,689 - okx_auto_trading - INFO - 策略: MA
2026-07-01 17:34:48,689 - okx_auto_trading - INFO - 交易对: BTC-USDT-SWAP
2026-07-01 17:34:48,689 - okx_auto_trading - INFO - ==================================================
2026-07-01 17:34:50,468 - okx_auto_trading - INFO - 自动交易程序开始运行...
2026-07-01 17:34:50,721 - okx_auto_trading - ERROR - 交易循环异常: 7 columns passed, passed data had 9 columns
2026-07-01 17:35:51,231 - okx_auto_trading - ERROR - 交易循环异常: 7 columns passed, passed data had 9 columns
2026-07-01 17:36:26,401 - okx_auto_trading - INFO - 收到中断信号，正在停止交易...
2026-07-01 17:36:26,401 - okx_auto_trading - INFO - 交易程序已停止
2026-07-01 17:36:31,006 - okx_auto_trading - INFO - ==================================================
2026-07-01 17:36:31,006 - okx_auto_trading - INFO - OKX自动交易程序启动
2026-07-01 17:36:31,006 - okx_auto_trading - INFO - 策略: MA
2026-07-01 17:36:31,006 - okx_auto_trading - INFO - 交易对: BTC-USDT-SWAP
2026-07-01 17:36:31,006 - okx_auto_trading - INFO - ==================================================
2026-07-01 17:36:31,850 - okx_auto_trading - INFO - 自动交易程序开始运行...
2026-07-01 17:36:32,559 - okx_auto_trading - INFO - 等待下一个周期... 当前时间: 2026-07-01 17:36:32
2026-07-01 17:37:32,842 - okx_auto_trading - INFO - 等待下一个周期... 当前时间: 2026-07-01 17:37:32
2026-07-01 17:37:57,676 - okx_auto_trading - INFO - 收到中断信号，正在停止交易...
2026-07-01 17:37:57,676 - okx_auto_trading - INFO - 交易程序已停止
2026-07-01 17:38:21,001 - okx_auto_trading - INFO - ==================================================
2026-07-01 17:38:21,001 - okx_auto_trading - INFO - OKX自动交易程序启动
2026-07-01 17:38:21,001 - okx_auto_trading - INFO - 策略: MA
2026-07-01 17:38:21,002 - okx_auto_trading - INFO - 交易对: BTC-USDT-SWAP
2026-07-01 17:38:21,002 - okx_auto_trading - INFO - ==================================================
2026-07-01 17:38:22,080 - okx_auto_trading - INFO - 自动交易程序开始运行...
2026-07-01 17:38:22,539 - okx_auto_trading - INFO - 等待下一个周期... 当前时间: 2026-07-01 17:38:22
2026-07-01 17:38:53,005 - okx_auto_trading - INFO - 等待下一个周期... 当前时间: 2026-07-01 17:38:53
2026-07-01 17:39:23,464 - okx_auto_trading - INFO - 等待下一个周期... 当前时间: 2026-07-01 17:39:23
2026-07-01 17:39:53,927 - okx_auto_trading - INFO - 等待下一个周期... 当前时间: 2026-07-01 17:39:53
2026-07-01 17:40:24,387 - okx_auto_trading - INFO - 等待下一个周期... 当前时间: 2026-07-01 17:40:24
